<?xml version="1.0" encoding="UTF-8"?>
<!-- Generated by org.testng.reporters.JUnitReportReporter -->
<testsuite hostname="DESKTOP-6PHAO3O" failures="0" tests="1" name="HelloWorldTest" time="0.010" errors="0" timestamp="07 Jan 2021 15:48:07 GMT" skipped="0">
  <testcase classname="HelloWorldTest" name="logn" time="0.010"/>
</testsuite> <!-- HelloWorldTest -->
